<?xml version="1.0" encoding="UTF-8"?>
<!-- Generated by org.testng.reporters.JUnitXMLReporter -->
<testsuite ignored="2" hostname="Mangalas-Air.frontierlocal.net" failures="1" tests="4" name="Test" time="39.392" errors="0" timestamp="19 Sep 2018 21:12:46 GMT">
  <testcase classname="com.amazondemo.AmazonTestCases" name="verifySearch" time="4.461"/>
  <testcase classname="com.amazondemo.AmazonTestCases" name="SelectItem" time="6.164"/>
  <testcase classname="com.amazondemo.AmazonTestCases" name="addtocart" time="0.748"/>
  <testcase classname="com.amazondemo.AmazonTestCases" name="removeItem" time="22.102">
    <failure type="org.openqa.selenium.TimeoutException" message="Expected condition failed: waiting for visibility of element located by By.xpath: //*[@value=&amp;apos;Delete&amp;apos;] (tried for 20 second(s) with 500 milliseconds interval)">
      <![CDATA[org.openqa.selenium.TimeoutException: Expected condition failed: waiting for visibility of element located by By.xpath: //*[@value='Delete'] (tried for 20 second(s) with 500 milliseconds interval)
at org.openqa.selenium.support.ui.WebDriverWait.timeoutException(WebDriverWait.java:81)
at org.openqa.selenium.support.ui.FluentWait.until(FluentWait.java:271)
at com.utils.WaitUtility.waitTillElementVisible(WaitUtility.java:14)
at com.amazondemo.AmazonTestCases.removeItem(AmazonTestCases.java:48)
Caused by: org.openqa.selenium.NoSuchElementException: Cannot locate an element using By.xpath: //*[@value='Delete']
For documentation on this error, please visit: http://seleniumhq.org/exceptions/no_such_element.html
Build info: version: '3.13.0', revision: '2f0d292', time: '2018-06-25T15:24:21.231Z'
System info: host: 'Mangalas-Air.frontierlocal.net', ip: 'fe80:0:0:0:1cb4:a6ac:1695:614c%en0', os.name: 'Mac OS X', os.arch: 'x86_64', os.version: '10.13.6', java.version: '10.0.2'
Driver info: driver.version: unknown
at org.openqa.selenium.support.ui.ExpectedConditions.lambda$findElement$0(ExpectedConditions.java:896)
at java.base/java.util.Optional.orElseThrow(Optional.java:397)
at org.openqa.selenium.support.ui.ExpectedConditions.findElement(ExpectedConditions.java:895)
at org.openqa.selenium.support.ui.ExpectedConditions.access$000(ExpectedConditions.java:44)
at org.openqa.selenium.support.ui.ExpectedConditions$7.apply(ExpectedConditions.java:206)
at org.openqa.selenium.support.ui.ExpectedConditions$7.apply(ExpectedConditions.java:202)
at org.openqa.selenium.support.ui.FluentWait.until(FluentWait.java:248)
... 27 more
... Removed 25 stack frames]]>
    </failure>
  </testcase> <!-- removeItem -->
  <testcase classname="com.amazondemo.BaseScenarios" name="@AfterSuite cleanup" time="0.0">
    <ignored/>
  </testcase> <!-- @AfterSuite cleanup -->
  <testcase classname="com.amazondemo.BaseScenarios" name="@BeforeSuite executeBeforeASuite" time="0.0">
    <ignored/>
  </testcase> <!-- @BeforeSuite executeBeforeASuite -->
</testsuite> <!-- Test -->
