<?xml version="1.0" encoding="UTF-8"?>
<testng-results ignored="0" total="4" passed="3" failed="1" skipped="0">
  <reporter-output>
  </reporter-output>
  <suite started-at="2018-09-19T01:42:33Z" name="Default suite" finished-at="2018-09-19T01:43:39Z" duration-ms="66137">
    <groups>
    </groups>
    <test started-at="2018-09-19T01:42:33Z" name="Default test" finished-at="2018-09-19T01:43:39Z" duration-ms="66137">
      <class name="com.amazondemo.UITestScenario">
        <test-method is-config="true" signature="beforeClass()[pri:0, instance:com.amazondemo.UITestScenario@38e79ae3]" started-at="2018-09-19T01:42:33Z" name="beforeClass" finished-at="2018-09-19T01:42:50Z" duration-ms="16580" status="PASS">
          <reporter-output>
          </reporter-output>
        </test-method> <!-- beforeClass -->
        <test-method signature="SearchItem()[pri:1, instance:com.amazondemo.UITestScenario@38e79ae3]" started-at="2018-09-19T01:42:50Z" name="SearchItem" finished-at="2018-09-19T01:43:06Z" duration-ms="16478" status="PASS">
          <reporter-output>
          </reporter-output>
        </test-method> <!-- SearchItem -->
        <test-method signature="selectItem()[pri:2, instance:com.amazondemo.UITestScenario@38e79ae3]" started-at="2018-09-19T01:43:06Z" name="selectItem" finished-at="2018-09-19T01:43:26Z" duration-ms="19534" status="PASS">
          <reporter-output>
          </reporter-output>
        </test-method> <!-- selectItem -->
        <test-method signature="addtocart()[pri:3, instance:com.amazondemo.UITestScenario@38e79ae3]" started-at="2018-09-19T01:43:26Z" name="addtocart" finished-at="2018-09-19T01:43:32Z" duration-ms="5910" status="FAIL">
          <exception class="java.lang.AssertionError">
            <message>
              <![CDATA[expected [1] but found [0]]]>
            </message>
            <full-stacktrace>
              <![CDATA[java.lang.AssertionError: expected [1] but found [0]
at org.testng.Assert.fail(Assert.java:96)
at org.testng.Assert.failNotEquals(Assert.java:776)
at org.testng.Assert.assertEqualsImpl(Assert.java:137)
at org.testng.Assert.assertEquals(Assert.java:118)
at org.testng.Assert.assertEquals(Assert.java:453)
at org.testng.Assert.assertEquals(Assert.java:463)
at com.amazondemo.UITestScenario.addtocart(UITestScenario.java:64)
at java.base/jdk.internal.reflect.NativeMethodAccessorImpl.invoke0(Native Method)
at java.base/jdk.internal.reflect.NativeMethodAccessorImpl.invoke(NativeMethodAccessorImpl.java:62)
at java.base/jdk.internal.reflect.DelegatingMethodAccessorImpl.invoke(DelegatingMethodAccessorImpl.java:43)
at java.base/java.lang.reflect.Method.invoke(Method.java:564)
at org.testng.internal.MethodInvocationHelper.invokeMethod(MethodInvocationHelper.java:124)
at org.testng.internal.Invoker.invokeMethod(Invoker.java:580)
at org.testng.internal.Invoker.invokeTestMethod(Invoker.java:716)
at org.testng.internal.Invoker.invokeTestMethods(Invoker.java:988)
at org.testng.internal.TestMethodWorker.invokeTestMethods(TestMethodWorker.java:125)
at org.testng.internal.TestMethodWorker.run(TestMethodWorker.java:109)
at org.testng.TestRunner.privateRun(TestRunner.java:648)
at org.testng.TestRunner.run(TestRunner.java:505)
at org.testng.SuiteRunner.runTest(SuiteRunner.java:455)
at org.testng.SuiteRunner.runSequentially(SuiteRunner.java:450)
at org.testng.SuiteRunner.privateRun(SuiteRunner.java:415)
at org.testng.SuiteRunner.run(SuiteRunner.java:364)
at org.testng.SuiteRunnerWorker.runSuite(SuiteRunnerWorker.java:52)
at org.testng.SuiteRunnerWorker.run(SuiteRunnerWorker.java:84)
at org.testng.TestNG.runSuitesSequentially(TestNG.java:1208)
at org.testng.TestNG.runSuitesLocally(TestNG.java:1137)
at org.testng.TestNG.runSuites(TestNG.java:1049)
at org.testng.TestNG.run(TestNG.java:1017)
at org.testng.remote.AbstractRemoteTestNG.run(AbstractRemoteTestNG.java:114)
at org.testng.remote.RemoteTestNG.initAndRun(RemoteTestNG.java:251)
at org.testng.remote.RemoteTestNG.main(RemoteTestNG.java:77)
]]>
            </full-stacktrace>
          </exception> <!-- java.lang.AssertionError -->
          <reporter-output>
          </reporter-output>
        </test-method> <!-- addtocart -->
        <test-method signature="removeItem()[pri:4, instance:com.amazondemo.UITestScenario@38e79ae3]" started-at="2018-09-19T01:43:32Z" name="removeItem" finished-at="2018-09-19T01:43:39Z" duration-ms="7551" status="PASS">
          <reporter-output>
          </reporter-output>
        </test-method> <!-- removeItem -->
        <test-method is-config="true" signature="afterClass()[pri:0, instance:com.amazondemo.UITestScenario@38e79ae3]" started-at="2018-09-19T01:43:39Z" name="afterClass" finished-at="2018-09-19T01:43:39Z" duration-ms="0" status="PASS">
          <reporter-output>
          </reporter-output>
        </test-method> <!-- afterClass -->
      </class> <!-- com.amazondemo.UITestScenario -->
    </test> <!-- Default test -->
  </suite> <!-- Default suite -->
</testng-results>
